# JRE version: Java(TM) SE Runtime Environment (17.0.3.1+2) (build 17.0.3.1+2-LTS-6)
# Java VM: Java HotSpot(TM) 64-Bit Server VM (17.0.3.1+2-LTS-6, mixed mode, sharing, tiered, compressed oops, compressed class ptrs, g1 gc, windows-amd64)
GC Precious Log:
 CPUs: 12 total, 12 available
 Memory: 14188M
 Large Page Support: Disabled
 NUMA Support: Disabled
 Compressed Oops: Enabled (Zero based)
 Heap Region Size: 2M
 Heap Min Capacity: 8M
 Heap Initial Capacity: 222M
 Heap Max Capacity: 3548M
 Pre-touch: Disabled
 Parallel Workers: 10
 Concurrent Workers: 3
 Concurrent Refinement Workers: 10
 Periodic GC: Disabled
Heap:
 garbage-first heap   total 55296K, used 21080K [0x0000000722400000, 0x0000000800000000)
  region size 2048K, 9 young (18432K), 4 survivors (8192K)
 Metaspace       used 23231K, committed 23488K, reserved 1073152K
  class space    used 3152K, committed 3328K, reserved 1048576K
GC Heap History (6 events):
Event: 1.465 GC heap before
{Heap before GC invocations=0 (full 0):
 garbage-first heap   total 227328K, used 22528K [0x0000000722400000, 0x0000000800000000)
  region size 2048K, 11 young (22528K), 0 survivors (0K)
 Metaspace       used 5550K, committed 5760K, reserved 1056768K
  class space    used 671K, committed 768K, reserved 1048576K
}
Event: 1.467 GC heap after
{Heap after GC invocations=1 (full 0):
 garbage-first heap   total 227328K, used 4091K [0x0000000722400000, 0x0000000800000000)
  region size 2048K, 2 young (4096K), 2 survivors (4096K)
 Metaspace       used 5550K, committed 5760K, reserved 1056768K
  class space    used 671K, committed 768K, reserved 1048576K
}
Event: 1.910 GC heap before
{Heap before GC invocations=1 (full 0):
 garbage-first heap   total 227328K, used 34811K [0x0000000722400000, 0x0000000800000000)
  region size 2048K, 17 young (34816K), 2 survivors (4096K)
 Metaspace       used 13364K, committed 13568K, reserved 1064960K
  class space    used 2112K, committed 2240K, reserved 1048576K
}
Event: 1.915 GC heap after
{Heap after GC invocations=2 (full 0):
 garbage-first heap   total 227328K, used 7383K [0x0000000722400000, 0x0000000800000000)
  region size 2048K, 2 young (4096K), 2 survivors (4096K)
 Metaspace       used 13364K, committed 13568K, reserved 1064960K
  class space    used 2112K, committed 2240K, reserved 1048576K
}
Event: 8.409 GC heap before
{Heap before GC invocations=2 (full 0):
 garbage-first heap   total 227328K, used 27863K [0x0000000722400000, 0x0000000800000000)
  region size 2048K, 12 young (24576K), 2 survivors (4096K)
 Metaspace       used 21276K, committed 21504K, reserved 1073152K
  class space    used 2931K, committed 3072K, reserved 1048576K
}
Event: 8.413 GC heap after
{Heap after GC invocations=3 (full 0):
 garbage-first heap   total 227328K, used 12888K [0x0000000722400000, 0x0000000800000000)
  region size 2048K, 4 young (8192K), 4 survivors (8192K)
 Metaspace       used 21276K, committed 21504K, reserved 1073152K
  class space    used 2931K, committed 3072K, reserved 1048576K
}

